# JRE version: Java(TM) SE Runtime Environment (8.0_73-b02) (build 1.8.0_73-b02)
# Java VM: Java HotSpot(TM) Client VM (25.73-b02 mixed mode windows-x86 )
Heap:
 def new generation   total 35328K, used 32232K [0x04200000, 0x06850000, 0x19750000)
  eden space 31424K,  92% used [0x04200000, 0x05e453a8, 0x060b0000)
  from space 3904K,  84% used [0x060b0000, 0x063e4d38, 0x06480000)
  to   space 3904K,   0% used [0x06480000, 0x06480000, 0x06850000)
 tenured generation   total 78348K, used 37036K [0x19750000, 0x1e3d3000, 0x44200000)
   the space 78348K,  47% used [0x19750000, 0x1bb7b170, 0x1bb7b200, 0x1e3d3000)
 Metaspace       used 36284K, capacity 38362K, committed 38400K, reserved 39296K
GC Heap History (10 events):
Event: 15216.165 GC heap before
{Heap before GC invocations=332 (full 33):
 def new generation   total 35328K, used 33139K [0x04200000, 0x06850000, 0x19750000)
  eden space 31424K, 100% used [0x04200000, 0x060b0000, 0x060b0000)
  from space 3904K,  43% used [0x060b0000, 0x0625ce08, 0x06480000)
  to   space 3904K,   0% used [0x06480000, 0x06480000, 0x06850000)
 tenured generation   total 78348K, used 55289K [0x19750000, 0x1e3d3000, 0x44200000)
   the space 78348K,  70% used [0x19750000, 0x1cd4e430, 0x1cd4e600, 0x1e3d3000)
 Metaspace       used 36280K, capacity 38347K, committed 38400K, reserved 39296K
Event: 15216.169 GC heap after
Heap after GC invocations=333 (full 33):
 def new generation   total 35328K, used 1453K [0x04200000, 0x06850000, 0x19750000)
  eden space 31424K,   0% used [0x04200000, 0x04200000, 0x060b0000)
  from space 3904K,  37% used [0x06480000, 0x065eb788, 0x06850000)
  to   space 3904K,   0% used [0x060b0000, 0x060b0000, 0x06480000)
 tenured generation   total 78348K, used 55289K [0x19750000, 0x1e3d3000, 0x44200000)
   the space 78348K,  70% used [0x19750000, 0x1cd4e430, 0x1cd4e600, 0x1e3d3000)
 Metaspace       used 36280K, capacity 38347K, committed 38400K, reserved 39296K
}
Event: 15218.282 GC heap before
{Heap before GC invocations=333 (full 33):
 def new generation   total 35328K, used 19015K [0x04200000, 0x06850000, 0x19750000)
  eden space 31424K,  55% used [0x04200000, 0x05326828, 0x060b0000)
  from space 3904K,  37% used [0x06480000, 0x065eb788, 0x06850000)
  to   space 3904K,   0% used [0x060b0000, 0x060b0000, 0x06480000)
 tenured generation   total 78348K, used 55289K [0x19750000, 0x1e3d3000, 0x44200000)
   the space 78348K,  70% used [0x19750000, 0x1cd4e430, 0x1cd4e600, 0x1e3d3000)
 Metaspace       used 36282K, capacity 38349K, committed 38400K, reserved 39296K
Event: 15218.376 GC heap after
Heap after GC invocations=334 (full 34):
 def new generation   total 35328K, used 0K [0x04200000, 0x06850000, 0x19750000)
  eden space 31424K,   0% used [0x04200000, 0x04200000, 0x060b0000)
  from space 3904K,   0% used [0x06480000, 0x06480000, 0x06850000)
  to   space 3904K,   0% used [0x060b0000, 0x060b0000, 0x06480000)
 tenured generation   total 78348K, used 35651K [0x19750000, 0x1e3d3000, 0x44200000)
   the space 78348K,  45% used [0x19750000, 0x1ba20e60, 0x1ba21000, 0x1e3d3000)
 Metaspace       used 36182K, capacity 38199K, committed 38400K, reserved 39296K
}
Event: 15243.355 GC heap before
{Heap before GC invocations=334 (full 34):
 def new generation   total 35328K, used 31424K [0x04200000, 0x06850000, 0x19750000)
  eden space 31424K, 100% used [0x04200000, 0x060b0000, 0x060b0000)
  from space 3904K,   0% used [0x06480000, 0x06480000, 0x06850000)
  to   space 3904K,   0% used [0x060b0000, 0x060b0000, 0x06480000)
 tenured generation   total 78348K, used 35651K [0x19750000, 0x1e3d3000, 0x44200000)
   the space 78348K,  45% used [0x19750000, 0x1ba20e60, 0x1ba21000, 0x1e3d3000)
 Metaspace       used 36282K, capacity 38359K, committed 38400K, reserved 39296K
Event: 15243.362 GC heap after
Heap after GC invocations=335 (full 34):
 def new generation   total 35328K, used 1679K [0x04200000, 0x06850000, 0x19750000)
  eden space 31424K,   0% used [0x04200000, 0x04200000, 0x060b0000)
  from space 3904K,  43% used [0x060b0000, 0x06253cb0, 0x06480000)
  to   space 3904K,   0% used [0x06480000, 0x06480000, 0x06850000)
 tenured generation   total 78348K, used 35651K [0x19750000, 0x1e3d3000, 0x44200000)
   the space 78348K,  45% used [0x19750000, 0x1ba20e60, 0x1ba21000, 0x1e3d3000)
 Metaspace       used 36282K, capacity 38359K, committed 38400K, reserved 39296K
}
Event: 15243.717 GC heap before
{Heap before GC invocations=335 (full 34):
 def new generation   total 35328K, used 33103K [0x04200000, 0x06850000, 0x19750000)
  eden space 31424K, 100% used [0x04200000, 0x060b0000, 0x060b0000)
  from space 3904K,  43% used [0x060b0000, 0x06253cb0, 0x06480000)
  to   space 3904K,   0% used [0x06480000, 0x06480000, 0x06850000)
 tenured generation   total 78348K, used 35651K [0x19750000, 0x1e3d3000, 0x44200000)
   the space 78348K,  45% used [0x19750000, 0x1ba20e60, 0x1ba21000, 0x1e3d3000)
 Metaspace       used 36282K, capacity 38359K, committed 38400K, reserved 39296K
Event: 15243.723 GC heap after
Heap after GC invocations=336 (full 34):
 def new generation   total 35328K, used 2358K [0x04200000, 0x06850000, 0x19750000)
  eden space 31424K,   0% used [0x04200000, 0x04200000, 0x060b0000)
  from space 3904K,  60% used [0x06480000, 0x066cda58, 0x06850000)
  to   space 3904K,   0% used [0x060b0000, 0x060b0000, 0x06480000)
 tenured generation   total 78348K, used 35651K [0x19750000, 0x1e3d3000, 0x44200000)
   the space 78348K,  45% used [0x19750000, 0x1ba20e60, 0x1ba21000, 0x1e3d3000)
 Metaspace       used 36282K, capacity 38359K, committed 38400K, reserved 39296K
}
Event: 15245.009 GC heap before
{Heap before GC invocations=336 (full 34):
 def new generation   total 35328K, used 33782K [0x04200000, 0x06850000, 0x19750000)
  eden space 31424K, 100% used [0x04200000, 0x060b0000, 0x060b0000)
  from space 3904K,  60% used [0x06480000, 0x066cda58, 0x06850000)
  to   space 3904K,   0% used [0x060b0000, 0x060b0000, 0x06480000)
 tenured generation   total 78348K, used 35651K [0x19750000, 0x1e3d3000, 0x44200000)
   the space 78348K,  45% used [0x19750000, 0x1ba20e60, 0x1ba21000, 0x1e3d3000)
 Metaspace       used 36282K, capacity 38359K, committed 38400K, reserved 39296K
Event: 15245.024 GC heap after
Heap after GC invocations=337 (full 34):
 def new generation   total 35328K, used 3283K [0x04200000, 0x06850000, 0x19750000)
  eden space 31424K,   0% used [0x04200000, 0x04200000, 0x060b0000)
  from space 3904K,  84% used [0x060b0000, 0x063e4d38, 0x06480000)
  to   space 3904K,   0% used [0x06480000, 0x06480000, 0x06850000)
 tenured generation   total 78348K, used 37036K [0x19750000, 0x1e3d3000, 0x44200000)
   the space 78348K,  47% used [0x19750000, 0x1bb7b170, 0x1bb7b200, 0x1e3d3000)
 Metaspace       used 36282K, capacity 38359K, committed 38400K, reserved 39296K
}

