# JRE version: Java(TM) SE Runtime Environment (8.0_73-b02) (build 1.8.0_73-b02)
# Java VM: Java HotSpot(TM) Client VM (25.73-b02 mixed mode windows-x86 )
Heap:
 def new generation   total 38080K, used 13669K [0x05000000, 0x07950000, 0x1a550000)
  eden space 33856K,  27% used [0x05000000, 0x059395a0, 0x07110000)
  from space 4224K, 100% used [0x07110000, 0x07530000, 0x07530000)
  to   space 4224K,   0% used [0x07530000, 0x07530000, 0x07950000)
 tenured generation   total 84544K, used 50112K [0x1a550000, 0x1f7e0000, 0x45000000)
   the space 84544K,  59% used [0x1a550000, 0x1d6402d8, 0x1d640400, 0x1f7e0000)
 Metaspace       used 32325K, capacity 33691K, committed 33920K, reserved 34176K
GC Heap History (10 events):
Event: 4371.808 GC heap before
{Heap before GC invocations=140 (full 9):
 def new generation   total 38080K, used 35699K [0x05000000, 0x07950000, 0x1a550000)
  eden space 33856K, 100% used [0x05000000, 0x07110000, 0x07110000)
  from space 4224K,  43% used [0x07530000, 0x076fcec8, 0x07950000)
  to   space 4224K,   0% used [0x07110000, 0x07110000, 0x07530000)
 tenured generation   total 84544K, used 42238K [0x1a550000, 0x1f7e0000, 0x45000000)
   the space 84544K,  49% used [0x1a550000, 0x1ce8fab8, 0x1ce8fc00, 0x1f7e0000)
 Metaspace       used 32070K, capacity 33261K, committed 33792K, reserved 34176K
Event: 4371.817 GC heap after
Heap after GC invocations=141 (full 9):
 def new generation   total 38080K, used 3517K [0x05000000, 0x07950000, 0x1a550000)
  eden space 33856K,   0% used [0x05000000, 0x05000000, 0x07110000)
  from space 4224K,  83% used [0x07110000, 0x0747f6f8, 0x07530000)
  to   space 4224K,   0% used [0x07530000, 0x07530000, 0x07950000)
 tenured generation   total 84544K, used 42238K [0x1a550000, 0x1f7e0000, 0x45000000)
   the space 84544K,  49% used [0x1a550000, 0x1ce8fab8, 0x1ce8fc00, 0x1f7e0000)
 Metaspace       used 32070K, capacity 33261K, committed 33792K, reserved 34176K
}
Event: 4372.732 GC heap before
{Heap before GC invocations=141 (full 9):
 def new generation   total 38080K, used 37373K [0x05000000, 0x07950000, 0x1a550000)
  eden space 33856K, 100% used [0x05000000, 0x07110000, 0x07110000)
  from space 4224K,  83% used [0x07110000, 0x0747f6f8, 0x07530000)
  to   space 4224K,   0% used [0x07530000, 0x07530000, 0x07950000)
 tenured generation   total 84544K, used 42238K [0x1a550000, 0x1f7e0000, 0x45000000)
   the space 84544K,  49% used [0x1a550000, 0x1ce8fab8, 0x1ce8fc00, 0x1f7e0000)
 Metaspace       used 32072K, capacity 33264K, committed 33792K, reserved 34176K
Event: 4372.744 GC heap after
Heap after GC invocations=142 (full 9):
 def new generation   total 38080K, used 1805K [0x05000000, 0x07950000, 0x1a550000)
  eden space 33856K,   0% used [0x05000000, 0x05000000, 0x07110000)
  from space 4224K,  42% used [0x07530000, 0x076f3788, 0x07950000)
  to   space 4224K,   0% used [0x07110000, 0x07110000, 0x07530000)
 tenured generation   total 84544K, used 45421K [0x1a550000, 0x1f7e0000, 0x45000000)
   the space 84544K,  53% used [0x1a550000, 0x1d1ab718, 0x1d1ab800, 0x1f7e0000)
 Metaspace       used 32072K, capacity 33264K, committed 33792K, reserved 34176K
}
Event: 4481.720 GC heap before
{Heap before GC invocations=142 (full 9):
 def new generation   total 38080K, used 35661K [0x05000000, 0x07950000, 0x1a550000)
  eden space 33856K, 100% used [0x05000000, 0x07110000, 0x07110000)
  from space 4224K,  42% used [0x07530000, 0x076f3788, 0x07950000)
  to   space 4224K,   0% used [0x07110000, 0x07110000, 0x07530000)
 tenured generation   total 84544K, used 45421K [0x1a550000, 0x1f7e0000, 0x45000000)
   the space 84544K,  53% used [0x1a550000, 0x1d1ab718, 0x1d1ab800, 0x1f7e0000)
 Metaspace       used 32176K, capacity 33431K, committed 33792K, reserved 34176K
Event: 4481.729 GC heap after
Heap after GC invocations=143 (full 9):
 def new generation   total 38080K, used 2183K [0x05000000, 0x07950000, 0x1a550000)
  eden space 33856K,   0% used [0x05000000, 0x05000000, 0x07110000)
  from space 4224K,  51% used [0x07110000, 0x07331fd0, 0x07530000)
  to   space 4224K,   0% used [0x07530000, 0x07530000, 0x07950000)
 tenured generation   total 84544K, used 45421K [0x1a550000, 0x1f7e0000, 0x45000000)
   the space 84544K,  53% used [0x1a550000, 0x1d1ab718, 0x1d1ab800, 0x1f7e0000)
 Metaspace       used 32176K, capacity 33431K, committed 33792K, reserved 34176K
}
Event: 4481.994 GC heap before
{Heap before GC invocations=143 (full 9):
 def new generation   total 38080K, used 36039K [0x05000000, 0x07950000, 0x1a550000)
  eden space 33856K, 100% used [0x05000000, 0x07110000, 0x07110000)
  from space 4224K,  51% used [0x07110000, 0x07331fd0, 0x07530000)
  to   space 4224K,   0% used [0x07530000, 0x07530000, 0x07950000)
 tenured generation   total 84544K, used 45421K [0x1a550000, 0x1f7e0000, 0x45000000)
   the space 84544K,  53% used [0x1a550000, 0x1d1ab718, 0x1d1ab800, 0x1f7e0000)
 Metaspace       used 32198K, capacity 33469K, committed 33792K, reserved 34176K
Event: 4482.003 GC heap after
Heap after GC invocations=144 (full 9):
 def new generation   total 38080K, used 2527K [0x05000000, 0x07950000, 0x1a550000)
  eden space 33856K,   0% used [0x05000000, 0x05000000, 0x07110000)
  from space 4224K,  59% used [0x07530000, 0x077a7d20, 0x07950000)
  to   space 4224K,   0% used [0x07110000, 0x07110000, 0x07530000)
 tenured generation   total 84544K, used 46308K [0x1a550000, 0x1f7e0000, 0x45000000)
   the space 84544K,  54% used [0x1a550000, 0x1d289278, 0x1d289400, 0x1f7e0000)
 Metaspace       used 32198K, capacity 33469K, committed 33792K, reserved 34176K
}
Event: 4482.465 GC heap before
{Heap before GC invocations=144 (full 9):
 def new generation   total 38080K, used 36039K [0x05000000, 0x07950000, 0x1a550000)
  eden space 33856K,  98% used [0x05000000, 0x070ba2b8, 0x07110000)
  from space 4224K,  59% used [0x07530000, 0x077a7d20, 0x07950000)
  to   space 4224K,   0% used [0x07110000, 0x07110000, 0x07530000)
 tenured generation   total 84544K, used 46308K [0x1a550000, 0x1f7e0000, 0x45000000)
   the space 84544K,  54% used [0x1a550000, 0x1d289278, 0x1d289400, 0x1f7e0000)
 Metaspace       used 32302K, capacity 33651K, committed 33792K, reserved 34176K
Event: 4482.488 GC heap after
Heap after GC invocations=145 (full 9):
 def new generation   total 38080K, used 4224K [0x05000000, 0x07950000, 0x1a550000)
  eden space 33856K,   0% used [0x05000000, 0x05000000, 0x07110000)
  from space 4224K, 100% used [0x07110000, 0x07530000, 0x07530000)
  to   space 4224K,   0% used [0x07530000, 0x07530000, 0x07950000)
 tenured generation   total 84544K, used 50112K [0x1a550000, 0x1f7e0000, 0x45000000)
   the space 84544K,  59% used [0x1a550000, 0x1d6402d8, 0x1d640400, 0x1f7e0000)
 Metaspace       used 32302K, capacity 33651K, committed 33792K, reserved 34176K
}

