# JRE version: Java(TM) SE Runtime Environment (8.0_73-b02) (build 1.8.0_73-b02)
# Java VM: Java HotSpot(TM) Client VM (25.73-b02 mixed mode windows-x86 )
Heap:
 def new generation   total 37120K, used 33724K [0x05200000, 0x07a40000, 0x1a750000)
  eden space 33024K,  97% used [0x05200000, 0x07195ca8, 0x07240000)
  from space 4096K,  33% used [0x07240000, 0x07399568, 0x07640000)
  to   space 4096K,   0% used [0x07640000, 0x07640000, 0x07a40000)
 tenured generation   total 82352K, used 55423K [0x1a750000, 0x1f7bc000, 0x45200000)
   the space 82352K,  67% used [0x1a750000, 0x1dd6ffa0, 0x1dd70000, 0x1f7bc000)
 Metaspace       used 34940K, capacity 35873K, committed 36224K, reserved 36224K
GC Heap History (10 events):
Event: 640.468 GC heap before
{Heap before GC invocations=159 (full 8):
 def new generation   total 37120K, used 35709K [0x05200000, 0x07a40000, 0x1a750000)
  eden space 33024K,  99% used [0x05200000, 0x0723e188, 0x07240000)
  from space 4096K,  65% used [0x07640000, 0x078e1470, 0x07a40000)
  to   space 4096K,   0% used [0x07240000, 0x07240000, 0x07640000)
 tenured generation   total 82352K, used 41658K [0x1a750000, 0x1f7bc000, 0x45200000)
   the space 82352K,  50% used [0x1a750000, 0x1cffebc0, 0x1cffec00, 0x1f7bc000)
 Metaspace       used 34764K, capacity 35588K, committed 36224K, reserved 36224K
Event: 640.476 GC heap after
Heap after GC invocations=160 (full 8):
 def new generation   total 37120K, used 880K [0x05200000, 0x07a40000, 0x1a750000)
  eden space 33024K,   0% used [0x05200000, 0x05200000, 0x07240000)
  from space 4096K,  21% used [0x07240000, 0x0731c130, 0x07640000)
  to   space 4096K,   0% used [0x07640000, 0x07640000, 0x07a40000)
 tenured generation   total 82352K, used 43509K [0x1a750000, 0x1f7bc000, 0x45200000)
   the space 82352K,  52% used [0x1a750000, 0x1d1cd6b0, 0x1d1cd800, 0x1f7bc000)
 Metaspace       used 34764K, capacity 35588K, committed 36224K, reserved 36224K
}
Event: 641.286 GC heap before
{Heap before GC invocations=160 (full 8):
 def new generation   total 37120K, used 33904K [0x05200000, 0x07a40000, 0x1a750000)
  eden space 33024K, 100% used [0x05200000, 0x07240000, 0x07240000)
  from space 4096K,  21% used [0x07240000, 0x0731c130, 0x07640000)
  to   space 4096K,   0% used [0x07640000, 0x07640000, 0x07a40000)
 tenured generation   total 82352K, used 43509K [0x1a750000, 0x1f7bc000, 0x45200000)
   the space 82352K,  52% used [0x1a750000, 0x1d1cd6b0, 0x1d1cd800, 0x1f7bc000)
 Metaspace       used 34789K, capacity 35641K, committed 36224K, reserved 36224K
Event: 641.292 GC heap after
Heap after GC invocations=161 (full 8):
 def new generation   total 37120K, used 987K [0x05200000, 0x07a40000, 0x1a750000)
  eden space 33024K,   0% used [0x05200000, 0x05200000, 0x07240000)
  from space 4096K,  24% used [0x07640000, 0x07736db0, 0x07a40000)
  to   space 4096K,   0% used [0x07240000, 0x07240000, 0x07640000)
 tenured generation   total 82352K, used 43509K [0x1a750000, 0x1f7bc000, 0x45200000)
   the space 82352K,  52% used [0x1a750000, 0x1d1cd6b0, 0x1d1cd800, 0x1f7bc000)
 Metaspace       used 34789K, capacity 35641K, committed 36224K, reserved 36224K
}
Event: 641.537 GC heap before
{Heap before GC invocations=161 (full 8):
 def new generation   total 37120K, used 34011K [0x05200000, 0x07a40000, 0x1a750000)
  eden space 33024K, 100% used [0x05200000, 0x07240000, 0x07240000)
  from space 4096K,  24% used [0x07640000, 0x07736db0, 0x07a40000)
  to   space 4096K,   0% used [0x07240000, 0x07240000, 0x07640000)
 tenured generation   total 82352K, used 43509K [0x1a750000, 0x1f7bc000, 0x45200000)
   the space 82352K,  52% used [0x1a750000, 0x1d1cd6b0, 0x1d1cd800, 0x1f7bc000)
 Metaspace       used 34789K, capacity 35641K, committed 36224K, reserved 36224K
Event: 641.568 GC heap after
Heap after GC invocations=162 (full 8):
 def new generation   total 37120K, used 4096K [0x05200000, 0x07a40000, 0x1a750000)
  eden space 33024K,   0% used [0x05200000, 0x05200000, 0x07240000)
  from space 4096K, 100% used [0x07240000, 0x07640000, 0x07640000)
  to   space 4096K,   0% used [0x07640000, 0x07640000, 0x07a40000)
 tenured generation   total 82352K, used 50282K [0x1a750000, 0x1f7bc000, 0x45200000)
   the space 82352K,  61% used [0x1a750000, 0x1d86a990, 0x1d86aa00, 0x1f7bc000)
 Metaspace       used 34789K, capacity 35641K, committed 36224K, reserved 36224K
}
Event: 667.198 GC heap before
{Heap before GC invocations=162 (full 8):
 def new generation   total 37120K, used 37120K [0x05200000, 0x07a40000, 0x1a750000)
  eden space 33024K, 100% used [0x05200000, 0x07240000, 0x07240000)
  from space 4096K, 100% used [0x07240000, 0x07640000, 0x07640000)
  to   space 4096K,   0% used [0x07640000, 0x07640000, 0x07a40000)
 tenured generation   total 82352K, used 50282K [0x1a750000, 0x1f7bc000, 0x45200000)
   the space 82352K,  61% used [0x1a750000, 0x1d86a990, 0x1d86aa00, 0x1f7bc000)
 Metaspace       used 34881K, capacity 35756K, committed 36224K, reserved 36224K
Event: 667.221 GC heap after
Heap after GC invocations=163 (full 8):
 def new generation   total 37120K, used 2117K [0x05200000, 0x07a40000, 0x1a750000)
  eden space 33024K,   0% used [0x05200000, 0x05200000, 0x07240000)
  from space 4096K,  51% used [0x07640000, 0x07851720, 0x07a40000)
  to   space 4096K,   0% used [0x07240000, 0x07240000, 0x07640000)
 tenured generation   total 82352K, used 53722K [0x1a750000, 0x1f7bc000, 0x45200000)
   the space 82352K,  65% used [0x1a750000, 0x1dbc6ab0, 0x1dbc6c00, 0x1f7bc000)
 Metaspace       used 34881K, capacity 35756K, committed 36224K, reserved 36224K
}
Event: 667.508 GC heap before
{Heap before GC invocations=163 (full 8):
 def new generation   total 37120K, used 35141K [0x05200000, 0x07a40000, 0x1a750000)
  eden space 33024K, 100% used [0x05200000, 0x07240000, 0x07240000)
  from space 4096K,  51% used [0x07640000, 0x07851720, 0x07a40000)
  to   space 4096K,   0% used [0x07240000, 0x07240000, 0x07640000)
 tenured generation   total 82352K, used 53722K [0x1a750000, 0x1f7bc000, 0x45200000)
   the space 82352K,  65% used [0x1a750000, 0x1dbc6ab0, 0x1dbc6c00, 0x1f7bc000)
 Metaspace       used 34918K, capacity 35838K, committed 36224K, reserved 36224K
Event: 667.519 GC heap after
Heap after GC invocations=164 (full 8):
 def new generation   total 37120K, used 1381K [0x05200000, 0x07a40000, 0x1a750000)
  eden space 33024K,   0% used [0x05200000, 0x05200000, 0x07240000)
  from space 4096K,  33% used [0x07240000, 0x07399568, 0x07640000)
  to   space 4096K,   0% used [0x07640000, 0x07640000, 0x07a40000)
 tenured generation   total 82352K, used 55423K [0x1a750000, 0x1f7bc000, 0x45200000)
   the space 82352K,  67% used [0x1a750000, 0x1dd6ffa0, 0x1dd70000, 0x1f7bc000)
 Metaspace       used 34918K, capacity 35838K, committed 36224K, reserved 36224K
}

