# JRE version: Java(TM) SE Runtime Environment (8.0_73-b02) (build 1.8.0_73-b02)
# Java VM: Java HotSpot(TM) Client VM (25.73-b02 mixed mode windows-x86 )
Heap:
 def new generation   total 29184K, used 6277K [0x04600000, 0x065a0000, 0x19b50000)
  eden space 25984K,  11% used [0x04600000, 0x04901728, 0x05f60000)
  from space 3200K, 100% used [0x06280000, 0x065a0000, 0x065a0000)
  to   space 3200K,   0% used [0x05f60000, 0x05f60000, 0x06280000)
 tenured generation   total 64588K, used 39844K [0x19b50000, 0x1da63000, 0x44600000)
   the space 64588K,  61% used [0x19b50000, 0x1c2392f8, 0x1c239400, 0x1da63000)
 Metaspace       used 28315K, capacity 29759K, committed 29952K, reserved 30080K
GC Heap History (10 events):
Event: 1907.405 GC heap before
{Heap before GC invocations=149 (full 8):
 def new generation   total 27200K, used 25104K [0x04600000, 0x06380000, 0x19b50000)
  eden space 24192K, 100% used [0x04600000, 0x05da0000, 0x05da0000)
  from space 3008K,  30% used [0x06090000, 0x061742c8, 0x06380000)
  to   space 3008K,   0% used [0x05da0000, 0x05da0000, 0x06090000)
 tenured generation   total 60268K, used 43186K [0x19b50000, 0x1d62b000, 0x44600000)
   the space 60268K,  71% used [0x19b50000, 0x1c57cb30, 0x1c57cc00, 0x1d62b000)
 Metaspace       used 28277K, capacity 29717K, committed 29824K, reserved 30080K
Event: 1907.411 GC heap after
Heap after GC invocations=150 (full 8):
 def new generation   total 27200K, used 2359K [0x04600000, 0x06380000, 0x19b50000)
  eden space 24192K,   0% used [0x04600000, 0x04600000, 0x05da0000)
  from space 3008K,  78% used [0x05da0000, 0x05fedce8, 0x06090000)
  to   space 3008K,   0% used [0x06090000, 0x06090000, 0x06380000)
 tenured generation   total 60268K, used 43186K [0x19b50000, 0x1d62b000, 0x44600000)
   the space 60268K,  71% used [0x19b50000, 0x1c57cb30, 0x1c57cc00, 0x1d62b000)
 Metaspace       used 28277K, capacity 29717K, committed 29824K, reserved 30080K
}
Event: 1907.673 GC heap before
{Heap before GC invocations=150 (full 8):
 def new generation   total 27200K, used 25963K [0x04600000, 0x06380000, 0x19b50000)
  eden space 24192K,  97% used [0x04600000, 0x05d0cfa8, 0x05da0000)
  from space 3008K,  78% used [0x05da0000, 0x05fedce8, 0x06090000)
  to   space 3008K,   0% used [0x06090000, 0x06090000, 0x06380000)
 tenured generation   total 60268K, used 43186K [0x19b50000, 0x1d62b000, 0x44600000)
   the space 60268K,  71% used [0x19b50000, 0x1c57cb30, 0x1c57cc00, 0x1d62b000)
 Metaspace       used 28431K, capacity 29900K, committed 29952K, reserved 30080K
Event: 1907.787 GC heap after
Heap after GC invocations=151 (full 9):
 def new generation   total 29184K, used 0K [0x04600000, 0x065a0000, 0x19b50000)
  eden space 25984K,   0% used [0x04600000, 0x04600000, 0x05f60000)
  from space 3200K,   0% used [0x05f60000, 0x05f60000, 0x06280000)
  to   space 3200K,   0% used [0x06280000, 0x06280000, 0x065a0000)
 tenured generation   total 64588K, used 38750K [0x19b50000, 0x1da63000, 0x44600000)
   the space 64588K,  59% used [0x19b50000, 0x1c127ab8, 0x1c127c00, 0x1da63000)
 Metaspace       used 28141K, capacity 29497K, committed 29952K, reserved 30080K
}
Event: 1910.405 GC heap before
{Heap before GC invocations=151 (full 9):
 def new generation   total 29184K, used 25984K [0x04600000, 0x065a0000, 0x19b50000)
  eden space 25984K, 100% used [0x04600000, 0x05f60000, 0x05f60000)
  from space 3200K,   0% used [0x05f60000, 0x05f60000, 0x06280000)
  to   space 3200K,   0% used [0x06280000, 0x06280000, 0x065a0000)
 tenured generation   total 64588K, used 38750K [0x19b50000, 0x1da63000, 0x44600000)
   the space 64588K,  59% used [0x19b50000, 0x1c127ab8, 0x1c127c00, 0x1da63000)
 Metaspace       used 28259K, capacity 29677K, committed 29952K, reserved 30080K
Event: 1910.413 GC heap after
Heap after GC invocations=152 (full 9):
 def new generation   total 29184K, used 1342K [0x04600000, 0x065a0000, 0x19b50000)
  eden space 25984K,   0% used [0x04600000, 0x04600000, 0x05f60000)
  from space 3200K,  41% used [0x06280000, 0x063cf888, 0x065a0000)
  to   space 3200K,   0% used [0x05f60000, 0x05f60000, 0x06280000)
 tenured generation   total 64588K, used 38750K [0x19b50000, 0x1da63000, 0x44600000)
   the space 64588K,  59% used [0x19b50000, 0x1c127ab8, 0x1c127c00, 0x1da63000)
 Metaspace       used 28259K, capacity 29677K, committed 29952K, reserved 30080K
}
Event: 1911.186 GC heap before
{Heap before GC invocations=152 (full 9):
 def new generation   total 29184K, used 27326K [0x04600000, 0x065a0000, 0x19b50000)
  eden space 25984K, 100% used [0x04600000, 0x05f60000, 0x05f60000)
  from space 3200K,  41% used [0x06280000, 0x063cf888, 0x065a0000)
  to   space 3200K,   0% used [0x05f60000, 0x05f60000, 0x06280000)
 tenured generation   total 64588K, used 38750K [0x19b50000, 0x1da63000, 0x44600000)
   the space 64588K,  59% used [0x19b50000, 0x1c127ab8, 0x1c127c00, 0x1da63000)
 Metaspace       used 28280K, capacity 29712K, committed 29952K, reserved 30080K
Event: 1911.195 GC heap after
Heap after GC invocations=153 (full 9):
 def new generation   total 29184K, used 2171K [0x04600000, 0x065a0000, 0x19b50000)
  eden space 25984K,   0% used [0x04600000, 0x04600000, 0x05f60000)
  from space 3200K,  67% used [0x05f60000, 0x0617ed68, 0x06280000)
  to   space 3200K,   0% used [0x06280000, 0x06280000, 0x065a0000)
 tenured generation   total 64588K, used 38750K [0x19b50000, 0x1da63000, 0x44600000)
   the space 64588K,  59% used [0x19b50000, 0x1c127ab8, 0x1c127c00, 0x1da63000)
 Metaspace       used 28280K, capacity 29712K, committed 29952K, reserved 30080K
}
Event: 1911.717 GC heap before
{Heap before GC invocations=153 (full 9):
 def new generation   total 29184K, used 28155K [0x04600000, 0x065a0000, 0x19b50000)
  eden space 25984K, 100% used [0x04600000, 0x05f60000, 0x05f60000)
  from space 3200K,  67% used [0x05f60000, 0x0617ed68, 0x06280000)
  to   space 3200K,   0% used [0x06280000, 0x06280000, 0x065a0000)
 tenured generation   total 64588K, used 38750K [0x19b50000, 0x1da63000, 0x44600000)
   the space 64588K,  59% used [0x19b50000, 0x1c127ab8, 0x1c127c00, 0x1da63000)
 Metaspace       used 28315K, capacity 29759K, committed 29952K, reserved 30080K
Event: 1911.728 GC heap after
Heap after GC invocations=154 (full 9):
 def new generation   total 29184K, used 3200K [0x04600000, 0x065a0000, 0x19b50000)
  eden space 25984K,   0% used [0x04600000, 0x04600000, 0x05f60000)
  from space 3200K, 100% used [0x06280000, 0x065a0000, 0x065a0000)
  to   space 3200K,   0% used [0x05f60000, 0x05f60000, 0x06280000)
 tenured generation   total 64588K, used 39844K [0x19b50000, 0x1da63000, 0x44600000)
   the space 64588K,  61% used [0x19b50000, 0x1c2392f8, 0x1c239400, 0x1da63000)
 Metaspace       used 28315K, capacity 29759K, committed 29952K, reserved 30080K
}

