# JRE version: Java(TM) SE Runtime Environment (8.0_73-b02) (build 1.8.0_73-b02)
# Java VM: Java HotSpot(TM) Client VM (25.73-b02 mixed mode windows-x86 )
Heap:
 def new generation   total 25344K, used 8855K [0x04c00000, 0x06780000, 0x1a150000)
  eden space 22528K,  26% used [0x04c00000, 0x051e5ed8, 0x06200000)
  from space 2816K, 100% used [0x06200000, 0x064c0000, 0x064c0000)
  to   space 2816K,   0% used [0x064c0000, 0x064c0000, 0x06780000)
 tenured generation   total 56260K, used 42853K [0x1a150000, 0x1d841000, 0x44c00000)
   the space 56260K,  76% used [0x1a150000, 0x1cb296f0, 0x1cb29800, 0x1d841000)
 Metaspace       used 27423K, capacity 28248K, committed 28288K, reserved 29056K
GC Heap History (10 events):
Event: 30.664 GC heap before
{Heap before GC invocations=107 (full 5):
 def new generation   total 25344K, used 24246K [0x04c00000, 0x06780000, 0x1a150000)
  eden space 22528K, 100% used [0x04c00000, 0x06200000, 0x06200000)
  from space 2816K,  61% used [0x064c0000, 0x0666d930, 0x06780000)
  to   space 2816K,   0% used [0x06200000, 0x06200000, 0x064c0000)
 tenured generation   total 56260K, used 33755K [0x1a150000, 0x1d841000, 0x44c00000)
   the space 56260K,  59% used [0x1a150000, 0x1c246cb0, 0x1c246e00, 0x1d841000)
 Metaspace       used 25746K, capacity 26454K, committed 26496K, reserved 27008K
Event: 30.674 GC heap after
Heap after GC invocations=108 (full 5):
 def new generation   total 25344K, used 815K [0x04c00000, 0x06780000, 0x1a150000)
  eden space 22528K,   0% used [0x04c00000, 0x04c00000, 0x06200000)
  from space 2816K,  28% used [0x06200000, 0x062cbc88, 0x064c0000)
  to   space 2816K,   0% used [0x064c0000, 0x064c0000, 0x06780000)
 tenured generation   total 56260K, used 34903K [0x1a150000, 0x1d841000, 0x44c00000)
   the space 56260K,  62% used [0x1a150000, 0x1c365ec8, 0x1c366000, 0x1d841000)
 Metaspace       used 25746K, capacity 26454K, committed 26496K, reserved 27008K
}
Event: 32.030 GC heap before
{Heap before GC invocations=108 (full 5):
 def new generation   total 25344K, used 23343K [0x04c00000, 0x06780000, 0x1a150000)
  eden space 22528K, 100% used [0x04c00000, 0x06200000, 0x06200000)
  from space 2816K,  28% used [0x06200000, 0x062cbc88, 0x064c0000)
  to   space 2816K,   0% used [0x064c0000, 0x064c0000, 0x06780000)
 tenured generation   total 56260K, used 34903K [0x1a150000, 0x1d841000, 0x44c00000)
   the space 56260K,  62% used [0x1a150000, 0x1c365ec8, 0x1c366000, 0x1d841000)
 Metaspace       used 25781K, capacity 26509K, committed 26624K, reserved 27008K
Event: 32.042 GC heap after
Heap after GC invocations=109 (full 5):
 def new generation   total 25344K, used 2815K [0x04c00000, 0x06780000, 0x1a150000)
  eden space 22528K,   0% used [0x04c00000, 0x04c00000, 0x06200000)
  from space 2816K,  99% used [0x064c0000, 0x0677fff8, 0x06780000)
  to   space 2816K,   0% used [0x06200000, 0x06200000, 0x064c0000)
 tenured generation   total 56260K, used 34932K [0x1a150000, 0x1d841000, 0x44c00000)
   the space 56260K,  62% used [0x1a150000, 0x1c36d168, 0x1c36d200, 0x1d841000)
 Metaspace       used 25781K, capacity 26509K, committed 26624K, reserved 27008K
}
Event: 33.793 GC heap before
{Heap before GC invocations=109 (full 5):
 def new generation   total 25344K, used 25343K [0x04c00000, 0x06780000, 0x1a150000)
  eden space 22528K, 100% used [0x04c00000, 0x06200000, 0x06200000)
  from space 2816K,  99% used [0x064c0000, 0x0677fff8, 0x06780000)
  to   space 2816K,   0% used [0x06200000, 0x06200000, 0x064c0000)
 tenured generation   total 56260K, used 34932K [0x1a150000, 0x1d841000, 0x44c00000)
   the space 56260K,  62% used [0x1a150000, 0x1c36d168, 0x1c36d200, 0x1d841000)
 Metaspace       used 26299K, capacity 27091K, committed 27136K, reserved 28032K
Event: 33.807 GC heap after
Heap after GC invocations=110 (full 5):
 def new generation   total 25344K, used 2295K [0x04c00000, 0x06780000, 0x1a150000)
  eden space 22528K,   0% used [0x04c00000, 0x04c00000, 0x06200000)
  from space 2816K,  81% used [0x06200000, 0x0643de00, 0x064c0000)
  to   space 2816K,   0% used [0x064c0000, 0x064c0000, 0x06780000)
 tenured generation   total 56260K, used 37642K [0x1a150000, 0x1d841000, 0x44c00000)
   the space 56260K,  66% used [0x1a150000, 0x1c6129e0, 0x1c612a00, 0x1d841000)
 Metaspace       used 26299K, capacity 27091K, committed 27136K, reserved 28032K
}
Event: 34.940 GC heap before
{Heap before GC invocations=110 (full 5):
 def new generation   total 25344K, used 24823K [0x04c00000, 0x06780000, 0x1a150000)
  eden space 22528K, 100% used [0x04c00000, 0x06200000, 0x06200000)
  from space 2816K,  81% used [0x06200000, 0x0643de00, 0x064c0000)
  to   space 2816K,   0% used [0x064c0000, 0x064c0000, 0x06780000)
 tenured generation   total 56260K, used 37642K [0x1a150000, 0x1d841000, 0x44c00000)
   the space 56260K,  66% used [0x1a150000, 0x1c6129e0, 0x1c612a00, 0x1d841000)
 Metaspace       used 26802K, capacity 27608K, committed 27648K, reserved 28032K
Event: 34.954 GC heap after
Heap after GC invocations=111 (full 5):
 def new generation   total 25344K, used 2816K [0x04c00000, 0x06780000, 0x1a150000)
  eden space 22528K,   0% used [0x04c00000, 0x04c00000, 0x06200000)
  from space 2816K, 100% used [0x064c0000, 0x06780000, 0x06780000)
  to   space 2816K,   0% used [0x06200000, 0x06200000, 0x064c0000)
 tenured generation   total 56260K, used 39534K [0x1a150000, 0x1d841000, 0x44c00000)
   the space 56260K,  70% used [0x1a150000, 0x1c7eb998, 0x1c7eba00, 0x1d841000)
 Metaspace       used 26802K, capacity 27608K, committed 27648K, reserved 28032K
}
Event: 37.084 GC heap before
{Heap before GC invocations=111 (full 5):
 def new generation   total 25344K, used 25045K [0x04c00000, 0x06780000, 0x1a150000)
  eden space 22528K,  98% used [0x04c00000, 0x061b54a8, 0x06200000)
  from space 2816K, 100% used [0x064c0000, 0x06780000, 0x06780000)
  to   space 2816K,   0% used [0x06200000, 0x06200000, 0x064c0000)
 tenured generation   total 56260K, used 39534K [0x1a150000, 0x1d841000, 0x44c00000)
   the space 56260K,  70% used [0x1a150000, 0x1c7eb998, 0x1c7eba00, 0x1d841000)
 Metaspace       used 27414K, capacity 28248K, committed 28288K, reserved 29056K
Event: 37.099 GC heap after
Heap after GC invocations=112 (full 5):
 def new generation   total 25344K, used 2816K [0x04c00000, 0x06780000, 0x1a150000)
  eden space 22528K,   0% used [0x04c00000, 0x04c00000, 0x06200000)
  from space 2816K, 100% used [0x06200000, 0x064c0000, 0x064c0000)
  to   space 2816K,   0% used [0x064c0000, 0x064c0000, 0x06780000)
 tenured generation   total 56260K, used 42853K [0x1a150000, 0x1d841000, 0x44c00000)
   the space 56260K,  76% used [0x1a150000, 0x1cb296f0, 0x1cb29800, 0x1d841000)
 Metaspace       used 27414K, capacity 28248K, committed 28288K, reserved 29056K
}

