# JRE version: Java(TM) SE Runtime Environment (8.0_73-b02) (build 1.8.0_73-b02)
# Java VM: Java HotSpot(TM) Client VM (25.73-b02 mixed mode windows-x86 )
Heap:
 def new generation   total 32512K, used 10022K [0x04400000, 0x06740000, 0x19950000)
  eden space 28928K,  22% used [0x04400000, 0x04a49bd0, 0x06040000)
  from space 3584K, 100% used [0x06040000, 0x063c0000, 0x063c0000)
  to   space 3584K,   0% used [0x063c0000, 0x063c0000, 0x06740000)
 tenured generation   total 72120K, used 59313K [0x19950000, 0x1dfbe000, 0x44400000)
   the space 72120K,  82% used [0x19950000, 0x1d33c710, 0x1d33c800, 0x1dfbe000)
 Metaspace       used 32591K, capacity 34168K, committed 34560K, reserved 35200K
GC Heap History (10 events):
Event: 8974.190 GC heap before
{Heap before GC invocations=147 (full 13):
 def new generation   total 32512K, used 31077K [0x04400000, 0x06740000, 0x19950000)
  eden space 28928K, 100% used [0x04400000, 0x06040000, 0x06040000)
  from space 3584K,  59% used [0x063c0000, 0x065d9448, 0x06740000)
  to   space 3584K,   0% used [0x06040000, 0x06040000, 0x063c0000)
 tenured generation   total 72120K, used 52346K [0x19950000, 0x1dfbe000, 0x44400000)
   the space 72120K,  72% used [0x19950000, 0x1cc6e970, 0x1cc6ea00, 0x1dfbe000)
 Metaspace       used 32442K, capacity 33968K, committed 34560K, reserved 35200K
Event: 8974.197 GC heap after
Heap after GC invocations=148 (full 13):
 def new generation   total 32512K, used 961K [0x04400000, 0x06740000, 0x19950000)
  eden space 28928K,   0% used [0x04400000, 0x04400000, 0x06040000)
  from space 3584K,  26% used [0x06040000, 0x06130700, 0x063c0000)
  to   space 3584K,   0% used [0x063c0000, 0x063c0000, 0x06740000)
 tenured generation   total 72120K, used 53062K [0x19950000, 0x1dfbe000, 0x44400000)
   the space 72120K,  73% used [0x19950000, 0x1cd21808, 0x1cd21a00, 0x1dfbe000)
 Metaspace       used 32442K, capacity 33968K, committed 34560K, reserved 35200K
}
Event: 9020.675 GC heap before
{Heap before GC invocations=148 (full 13):
 def new generation   total 32512K, used 29889K [0x04400000, 0x06740000, 0x19950000)
  eden space 28928K, 100% used [0x04400000, 0x06040000, 0x06040000)
  from space 3584K,  26% used [0x06040000, 0x06130700, 0x063c0000)
  to   space 3584K,   0% used [0x063c0000, 0x063c0000, 0x06740000)
 tenured generation   total 72120K, used 53062K [0x19950000, 0x1dfbe000, 0x44400000)
   the space 72120K,  73% used [0x19950000, 0x1cd21808, 0x1cd21a00, 0x1dfbe000)
 Metaspace       used 32584K, capacity 34155K, committed 34560K, reserved 35200K
Event: 9020.687 GC heap after
Heap after GC invocations=149 (full 13):
 def new generation   total 32512K, used 1942K [0x04400000, 0x06740000, 0x19950000)
  eden space 28928K,   0% used [0x04400000, 0x04400000, 0x06040000)
  from space 3584K,  54% used [0x063c0000, 0x065a5b60, 0x06740000)
  to   space 3584K,   0% used [0x06040000, 0x06040000, 0x063c0000)
 tenured generation   total 72120K, used 53062K [0x19950000, 0x1dfbe000, 0x44400000)
   the space 72120K,  73% used [0x19950000, 0x1cd21808, 0x1cd21a00, 0x1dfbe000)
 Metaspace       used 32584K, capacity 34155K, committed 34560K, reserved 35200K
}
Event: 9020.869 GC heap before
{Heap before GC invocations=149 (full 13):
 def new generation   total 32512K, used 30870K [0x04400000, 0x06740000, 0x19950000)
  eden space 28928K, 100% used [0x04400000, 0x06040000, 0x06040000)
  from space 3584K,  54% used [0x063c0000, 0x065a5b60, 0x06740000)
  to   space 3584K,   0% used [0x06040000, 0x06040000, 0x063c0000)
 tenured generation   total 72120K, used 53062K [0x19950000, 0x1dfbe000, 0x44400000)
   the space 72120K,  73% used [0x19950000, 0x1cd21808, 0x1cd21a00, 0x1dfbe000)
 Metaspace       used 32584K, capacity 34155K, committed 34560K, reserved 35200K
Event: 9020.876 GC heap after
Heap after GC invocations=150 (full 13):
 def new generation   total 32512K, used 1645K [0x04400000, 0x06740000, 0x19950000)
  eden space 28928K,   0% used [0x04400000, 0x04400000, 0x06040000)
  from space 3584K,  45% used [0x06040000, 0x061db418, 0x063c0000)
  to   space 3584K,   0% used [0x063c0000, 0x063c0000, 0x06740000)
 tenured generation   total 72120K, used 53682K [0x19950000, 0x1dfbe000, 0x44400000)
   the space 72120K,  74% used [0x19950000, 0x1cdbca08, 0x1cdbcc00, 0x1dfbe000)
 Metaspace       used 32584K, capacity 34155K, committed 34560K, reserved 35200K
}
Event: 9021.138 GC heap before
{Heap before GC invocations=150 (full 13):
 def new generation   total 32512K, used 30573K [0x04400000, 0x06740000, 0x19950000)
  eden space 28928K, 100% used [0x04400000, 0x06040000, 0x06040000)
  from space 3584K,  45% used [0x06040000, 0x061db418, 0x063c0000)
  to   space 3584K,   0% used [0x063c0000, 0x063c0000, 0x06740000)
 tenured generation   total 72120K, used 53682K [0x19950000, 0x1dfbe000, 0x44400000)
   the space 72120K,  74% used [0x19950000, 0x1cdbca08, 0x1cdbcc00, 0x1dfbe000)
 Metaspace       used 32586K, capacity 34160K, committed 34560K, reserved 35200K
Event: 9021.148 GC heap after
Heap after GC invocations=151 (full 13):
 def new generation   total 32512K, used 3584K [0x04400000, 0x06740000, 0x19950000)
  eden space 28928K,   0% used [0x04400000, 0x04400000, 0x06040000)
  from space 3584K, 100% used [0x063c0000, 0x06740000, 0x06740000)
  to   space 3584K,   0% used [0x06040000, 0x06040000, 0x063c0000)
 tenured generation   total 72120K, used 53738K [0x19950000, 0x1dfbe000, 0x44400000)
   the space 72120K,  74% used [0x19950000, 0x1cdcab68, 0x1cdcac00, 0x1dfbe000)
 Metaspace       used 32586K, capacity 34160K, committed 34560K, reserved 35200K
}
Event: 9021.444 GC heap before
{Heap before GC invocations=151 (full 13):
 def new generation   total 32512K, used 32175K [0x04400000, 0x06740000, 0x19950000)
  eden space 28928K,  98% used [0x04400000, 0x05febeb0, 0x06040000)
  from space 3584K, 100% used [0x063c0000, 0x06740000, 0x06740000)
  to   space 3584K,   0% used [0x06040000, 0x06040000, 0x063c0000)
 tenured generation   total 72120K, used 53738K [0x19950000, 0x1dfbe000, 0x44400000)
   the space 72120K,  74% used [0x19950000, 0x1cdcab68, 0x1cdcac00, 0x1dfbe000)
 Metaspace       used 32591K, capacity 34168K, committed 34560K, reserved 35200K
Event: 9021.466 GC heap after
Heap after GC invocations=152 (full 13):
 def new generation   total 32512K, used 3584K [0x04400000, 0x06740000, 0x19950000)
  eden space 28928K,   0% used [0x04400000, 0x04400000, 0x06040000)
  from space 3584K, 100% used [0x06040000, 0x063c0000, 0x063c0000)
  to   space 3584K,   0% used [0x063c0000, 0x063c0000, 0x06740000)
 tenured generation   total 72120K, used 59313K [0x19950000, 0x1dfbe000, 0x44400000)
   the space 72120K,  82% used [0x19950000, 0x1d33c710, 0x1d33c800, 0x1dfbe000)
 Metaspace       used 32591K, capacity 34168K, committed 34560K, reserved 35200K
}

